<?xml version="1.0" encoding="UTF-8"?>
<testsuite name="qaguru.homework.WebTest" tests="1" skipped="0" failures="0" errors="0" timestamp="2022-06-05T11:34:43" hostname="MacBook-Air-Anna.local" time="8.816">
  <properties/>
  <testcase name="testGitHubTitle()" classname="qaguru.homework.WebTest" time="8.816"/>
  <system-out><![CDATA[]]></system-out>
  <system-err><![CDATA[1654428883943	geckodriver	INFO	Listening on 127.0.0.1:35991
1654428884340	mozrunner::runner	INFO	Running command: "/Applications/Firefox.app/Contents/MacOS/firefox-bin" "--marionette" "-foreground" "-no-remote" "-profile" "/var/folders/5z/4w9j0sdx4hv79pzrk6wv154r0000gn/T/rust_mozprofileKo0JbW"
1654428885104	Marionette	INFO	Marionette enabled
console.warn: SearchSettings: "get: No settings file exists, new profile?" (new NotFoundError("Could not open the file at /var/folders/5z/4w9j0sdx4hv79pzrk6wv154r0000gn/T/rust_mozprofileKo0JbW/search.json.mozlz4", (void 0)))
console.error: BackgroundUpdate: 
  _reasonsToNotScheduleUpdates: Failed to check for Maintenance Service Registry Key: [Exception... "Component returned failure code: 0x80004001 (NS_ERROR_NOT_IMPLEMENTED) [nsIUpdateProcessor.getServiceRegKeyExists]"  nsresult: "0x80004001 (NS_ERROR_NOT_IMPLEMENTED)"  location: "JS frame :: resource://gre/modules/BackgroundUpdate.jsm :: _reasonsToNotScheduleUpdates :: line 241"  data: no]
1654428887322	Marionette	INFO	Listening on port 56744
1654428887379	RemoteAgent	WARN	TLS certificate errors will be ignored for this session
Jun 05, 2022 3:34:47 PM org.openqa.selenium.remote.ProtocolHandshake createSession
INFO: Detected dialect: W3C
1654428891047	Marionette	INFO	Stopped listening on port 56744

###!!! [Parent][PContentParent] Error: Send(msgname=PContent::Msg_DestroyBrowsingContextGroup) Closed channel: cannot send/recv

]]></system-err>
</testsuite>
